Training efficientnetb0 on auto_selected frames

Classes with more than 35 images: ['Tympanosclerosis', 'Effusion', 'Normal', 'Perforation']
Old to New Class Index Mapping: {0: 0, 1: 1, 2: 2, 3: 3}
Number of samples after filtering and remapping: 299
New class-to-index mapping: {'Effusion': 0, 'Normal': 1, 'Perforation': 2, 'Tympanosclerosis': 3}

Data splitted successfully: 

Number of training images: 209
Number of validation images: 44
Number of test images: 46

Epoch 1/95
----------
train Loss: 3.0277 Acc: 0.3971
val Loss: 2.0740 Acc: 0.6364
Epoch 2/95
----------
train Loss: 2.3655 Acc: 0.5598
val Loss: 2.0174 Acc: 0.5909
Epoch 3/95
----------
train Loss: 2.1092 Acc: 0.6555
val Loss: 1.7427 Acc: 0.7045
Epoch 4/95
----------
train Loss: 2.0493 Acc: 0.6316
val Loss: 1.4487 Acc: 0.8409
Epoch 5/95
----------
train Loss: 1.8062 Acc: 0.7751
val Loss: 1.8260 Acc: 0.7273
Epoch 6/95
----------
train Loss: 1.7374 Acc: 0.7081
val Loss: 1.4985 Acc: 0.7500
Epoch 7/95
----------
train Loss: 1.5336 Acc: 0.8278
val Loss: 1.5731 Acc: 0.7273
Epoch 8/95
----------
train Loss: 1.7673 Acc: 0.7656
val Loss: 1.5525 Acc: 0.7500
Epoch 9/95
----------
train Loss: 1.7336 Acc: 0.8134
val Loss: 1.6645 Acc: 0.7273
Early stopping at epoch 9 due to no improvement in validation accuracy for 5 consecutive epochs.
Best val Acc: 0.840909

Model weights saved at ./model_weights/efficientnetb0_bs_102_lr_0.00103_epoch_95_wd_0.0011_wlf_True.pth

Evaluating on the test set...
Evaluation Metrics:
Accuracy: 0.7391
AUC: 0.8806
Precision: 0.5183
Recall: 0.5856
F1-score: 0.5489

Confusion Matrix:
 [[ 6  2  0  1]
 [ 2 25  0  0]
 [ 1  0  3  0]
 [ 0  4  2  0]]

Classification Report:
               precision    recall  f1-score   support

           0       0.67      0.67      0.67         9
           1       0.81      0.93      0.86        27
           2       0.60      0.75      0.67         4
           3       0.00      0.00      0.00         6

    accuracy                           0.74        46
   macro avg       0.52      0.59      0.55        46
weighted avg       0.66      0.74      0.69        46

